<?xml version="1.0" encoding="UTF-8"?>
<!-- Generated by org.testng.reporters.JUnitReportReporter -->
<testsuite hostname="DESKTOP-CCPG5IB" failures="0" tests="1" name="TestRunner.CucumberTestRunner" time="62.549" errors="0" timestamp="2024-03-04T12:59:07 IST" skipped="0">
  <testcase classname="TestRunner.CucumberTestRunner" name="runScenario" time="62.549"/>
  <system-out/>
</testsuite> <!-- TestRunner.CucumberTestRunner -->
